<?xml version="1.0" encoding="UTF-8"?>
<!-- Generated by org.testng.reporters.JUnitReportReporter -->
<testsuite hostname="BDC7-L-7041NBJ" name="SeleniumFramworkDesign.SeleniumFramworkDesign.HomePage" tests="1" failures="0" timestamp="25 Feb 2020 12:08:02 GMT" time="80.566" errors="0">
  <testcase name="basepageNavigation" time="80.566" classname="SeleniumFramworkDesign.SeleniumFramworkDesign.HomePage"/>
</testsuite> <!-- SeleniumFramworkDesign.SeleniumFramworkDesign.HomePage -->
